<?xml version="1.0" encoding="UTF-8"?>
<!-- Generated by org.testng.reporters.JUnitReportReporter -->
<testsuite skipped="0" hostname="ITEM-S60792" name="grid.GridTestCase" tests="6" failures="0" timestamp="21 Jun 2020 13:06:42 GMT" time="439.784" errors="0">
  <testcase name="readData" time="58.184" classname="grid.GridTestCase"/>
  <testcase name="readData" time="77.632" classname="grid.GridTestCase"/>
  <testcase name="readData" time="72.105" classname="grid.GridTestCase"/>
  <testcase name="readData" time="76.258" classname="grid.GridTestCase"/>
  <testcase name="readData" time="77.714" classname="grid.GridTestCase"/>
  <testcase name="readData" time="77.891" classname="grid.GridTestCase"/>
</testsuite> <!-- grid.GridTestCase -->
