<?xml version="1.0" encoding="UTF-8"?>
<!-- Generated by org.testng.reporters.JUnitReportReporter -->
<testsuite skipped="0" hostname="ITEM-S60792" name="testCases.TestGetTitle" tests="1" failures="0" timestamp="19 Jun 2020 10:23:46 GMT" time="6.008" errors="0">
  <testcase name="test1" time="6.008" classname="testCases.TestGetTitle"/>
</testsuite> <!-- testCases.TestGetTitle -->
