<?xml version="1.0" encoding="UTF-8"?>
<!-- Generated by org.testng.reporters.JUnitReportReporter -->
<testsuite skipped="0" hostname="ITEM-S60792" name="MavenTest" tests="1" failures="0" timestamp="24 Jun 2020 12:50:25 GMT" time="2.045" errors="0">
  <testcase name="launchWebSite" time="2.045" classname="MavenTest"/>
</testsuite> <!-- MavenTest -->
