<?xml version="1.0" encoding="UTF-8"?>
<!-- Generated by org.testng.reporters.JUnitReportReporter -->
<testsuite skipped="0" hostname="ITEM-S60792" name="parameterization.TestNGParameterization" tests="4" failures="0" timestamp="18 Jun 2020 13:16:25 GMT" time="12.019" errors="0">
  <testcase name="doLogin" time="3.004" classname="parameterization.TestNGParameterization"/>
  <testcase name="doLogin" time="3.002" classname="parameterization.TestNGParameterization"/>
  <testcase name="doLogin" time="3.006" classname="parameterization.TestNGParameterization"/>
  <testcase name="doLogin" time="3.007" classname="parameterization.TestNGParameterization"/>
</testsuite> <!-- parameterization.TestNGParameterization -->
