<?xml version="1.0" encoding="UTF-8"?>
<!-- Generated by org.testng.reporters.JUnitReportReporter -->
<testsuite skipped="0" hostname="ITEM-S60792" name="parameterization.ParallelTestExecution" tests="2" failures="0" timestamp="18 Jun 2020 13:19:28 GMT" time="12.963" errors="0">
  <testcase name="getBrowserTitle" time="6.578" classname="parameterization.ParallelTestExecution"/>
  <testcase name="getBrowserTitle" time="6.385" classname="parameterization.ParallelTestExecution"/>
</testsuite> <!-- parameterization.ParallelTestExecution -->
