<?xml version="1.0" encoding="UTF-8"?>
<!-- Generated by org.testng.reporters.JUnitReportReporter -->
<testsuite skipped="0" hostname="ITEM-S60792" name="assignments.Assignment1" tests="1" failures="0" timestamp="17 Jun 2020 18:25:58 GMT" time="15.208" errors="0">
  <testcase name="Assin1" time="15.208" classname="assignments.Assignment1"/>
</testsuite> <!-- assignments.Assignment1 -->
